{"D:\\Ashish Tiwari\\Personal\\Projects\\ASHISH-FINAL\\Development\\javascript\\basics\\test.js":{"path":"D:\\Ashish Tiwari\\Personal\\Projects\\ASHISH-FINAL\\Development\\javascript\\basics\\test.js","s":{"1":1,"2":4,"3":4,"4":1,"5":3,"6":3,"7":1,"8":5,"9":5,"10":4,"11":11,"12":1,"13":5,"14":1,"15":3,"16":3,"17":3,"18":0,"19":1,"20":1,"21":1,"22":1,"23":1,"24":1,"25":1,"26":1,"27":1,"28":1,"29":1},"b":{"1":[4,1],"2":[0,3],"3":[0,0]},"f":{"1":4,"2":3,"3":5,"4":11,"5":3,"6":1},"fnMap":{"1":{"name":"creditAccount","line":3,"loc":{"start":{"line":3,"column":0},"end":{"line":3,"column":53}}},"2":{"name":"debitAccount","line":11,"loc":{"start":{"line":11,"column":0},"end":{"line":11,"column":52}}},"3":{"name":"getAccountBalance","line":19,"loc":{"start":{"line":19,"column":0},"end":{"line":19,"column":36}}},"4":{"name":"(anonymous_4)","line":23,"loc":{"start":{"line":23,"column":19},"end":{"line":23,"column":35}}},"5":{"name":"transferMoney","line":32,"loc":{"start":{"line":32,"column":0},"end":{"line":32,"column":68}}},"6":{"name":"test","line":40,"loc":{"start":{"line":40,"column":0},"end":{"line":40,"column":15}}}},"statementMap":{"1":{"start":{"line":3,"column":0},"end":{"line":9,"column":1}},"2":{"start":{"line":4,"column":1},"end":{"line":7,"column":3}},"3":{"start":{"line":8,"column":1},"end":{"line":8,"column":34}},"4":{"start":{"line":11,"column":0},"end":{"line":17,"column":1}},"5":{"start":{"line":12,"column":1},"end":{"line":15,"column":3}},"6":{"start":{"line":16,"column":1},"end":{"line":16,"column":34}},"7":{"start":{"line":19,"column":0},"end":{"line":30,"column":1}},"8":{"start":{"line":20,"column":1},"end":{"line":20,"column":17}},"9":{"start":{"line":22,"column":1},"end":{"line":28,"column":2}},"10":{"start":{"line":23,"column":2},"end":{"line":25,"column":5}},"11":{"start":{"line":24,"column":6},"end":{"line":24,"column":38}},"12":{"start":{"line":27,"column":2},"end":{"line":27,"column":14}},"13":{"start":{"line":29,"column":1},"end":{"line":29,"column":16}},"14":{"start":{"line":32,"column":0},"end":{"line":38,"column":1}},"15":{"start":{"line":33,"column":1},"end":{"line":33,"column":48}},"16":{"start":{"line":34,"column":1},"end":{"line":34,"column":47}},"17":{"start":{"line":35,"column":1},"end":{"line":37,"column":2}},"18":{"start":{"line":36,"column":2},"end":{"line":36,"column":103}},"19":{"start":{"line":40,"column":0},"end":{"line":43,"column":1}},"20":{"start":{"line":42,"column":1},"end":{"line":42,"column":63}},"21":{"start":{"line":45,"column":0},"end":{"line":45,"column":18}},"22":{"start":{"line":46,"column":0},"end":{"line":46,"column":18}},"23":{"start":{"line":47,"column":0},"end":{"line":47,"column":18}},"24":{"start":{"line":49,"column":0},"end":{"line":49,"column":109}},"25":{"start":{"line":50,"column":0},"end":{"line":50,"column":43}},"26":{"start":{"line":51,"column":0},"end":{"line":51,"column":62}},"27":{"start":{"line":52,"column":0},"end":{"line":52,"column":57}},"28":{"start":{"line":54,"column":0},"end":{"line":54,"column":103}},"29":{"start":{"line":56,"column":0},"end":{"line":56,"column":7}}},"branchMap":{"1":{"line":22,"type":"if","locations":[{"start":{"line":22,"column":1},"end":{"line":22,"column":1}},{"start":{"line":22,"column":1},"end":{"line":22,"column":1}}]},"2":{"line":35,"type":"if","locations":[{"start":{"line":35,"column":1},"end":{"line":35,"column":1}},{"start":{"line":35,"column":1},"end":{"line":35,"column":1}}]},"3":{"line":36,"type":"binary-expr","locations":[{"start":{"line":36,"column":2},"end":{"line":36,"column":51}},{"start":{"line":36,"column":55},"end":{"line":36,"column":102}}]}}}}