TN:
SF:D:\Ashish Tiwari\Personal\Projects\ASHISH-FINAL\Development\javascript\basics\test.js
FN:3,creditAccount
FN:11,debitAccount
FN:19,getAccountBalance
FN:23,(anonymous_4)
FN:32,transferMoney
FN:40,test
FNF:6
FNH:6
FNDA:4,creditAccount
FNDA:3,debitAccount
FNDA:5,getAccountBalance
FNDA:11,(anonymous_4)
FNDA:3,transferMoney
FNDA:1,test
DA:3,1
DA:4,4
DA:8,4
DA:11,1
DA:12,3
DA:16,3
DA:19,1
DA:20,5
DA:22,5
DA:23,4
DA:24,11
DA:27,1
DA:29,5
DA:32,1
DA:33,3
DA:34,3
DA:35,3
DA:36,0
DA:40,1
DA:42,1
DA:45,1
DA:46,1
DA:47,1
DA:49,1
DA:50,1
DA:51,1
DA:52,1
DA:54,1
DA:56,1
LF:29
LH:28
BRDA:22,1,0,4
BRDA:22,1,1,1
BRDA:35,2,0,0
BRDA:35,2,1,3
BRDA:36,3,0,0
BRDA:36,3,1,0
BRF:6
BRH:3
end_of_record
